0 info it worked if it ends with ok
1 verbose cli [ '/Users/victoria/.nvm/versions/node/v5.10.0/bin/node',
1 verbose cli   '/Users/victoria/.nvm/versions/node/v5.10.0/bin/npm',
1 verbose cli   'run',
1 verbose cli   'lint' ]
2 info using npm@3.8.3
3 info using node@v5.10.0
4 verbose run-script [ 'prelint', 'lint', 'postlint' ]
5 info lifecycle babel-set-up@1.0.0~prelint: babel-set-up@1.0.0
6 silly lifecycle babel-set-up@1.0.0~prelint: no script for prelint, continuing
7 info lifecycle babel-set-up@1.0.0~lint: babel-set-up@1.0.0
8 verbose lifecycle babel-set-up@1.0.0~lint: unsafe-perm in lifecycle true
9 verbose lifecycle babel-set-up@1.0.0~lint: PATH: /Users/victoria/.nvm/versions/node/v5.10.0/lib/node_modules/npm/bin/node-gyp-bin:/Users/victoria/dev/vtDev/babel-set-up/node_modules/.bin:/Users/victoria/.nvm/versions/node/v5.10.0/bin:/Users/victoria/.rvm/gems/ruby-2.3.3/bin:/Users/victoria/.rvm/gems/ruby-2.3.3@global/bin:/Users/victoria/.rvm/rubies/ruby-2.3.3/bin:/usr/bin/git:/Users/victoria/.nvm/versions/node/v5.10.0/bin:/usr/local/bin:/usr/bin:/bin:/usr/sbin:/sbin:/Users/victoria/.rvm/bin
10 verbose lifecycle babel-set-up@1.0.0~lint: CWD: /Users/victoria/dev/vtDev/babel-set-up
11 silly lifecycle babel-set-up@1.0.0~lint: Args: [ '-c', 'eslint --ignore-path .gitignore --cache ./' ]
12 silly lifecycle babel-set-up@1.0.0~lint: Returned: code: 1  signal: null
13 info lifecycle babel-set-up@1.0.0~lint: Failed to exec lint script
14 verbose stack Error: babel-set-up@1.0.0 lint: `eslint --ignore-path .gitignore --cache ./`
14 verbose stack Exit status 1
14 verbose stack     at EventEmitter.<anonymous> (/Users/victoria/.nvm/versions/node/v5.10.0/lib/node_modules/npm/lib/utils/lifecycle.js:239:16)
14 verbose stack     at emitTwo (events.js:100:13)
14 verbose stack     at EventEmitter.emit (events.js:185:7)
14 verbose stack     at ChildProcess.<anonymous> (/Users/victoria/.nvm/versions/node/v5.10.0/lib/node_modules/npm/lib/utils/spawn.js:24:14)
14 verbose stack     at emitTwo (events.js:100:13)
14 verbose stack     at ChildProcess.emit (events.js:185:7)
14 verbose stack     at maybeClose (internal/child_process.js:850:16)
14 verbose stack     at Process.ChildProcess._handle.onexit (internal/child_process.js:215:5)
15 verbose pkgid babel-set-up@1.0.0
16 verbose cwd /Users/victoria/dev/vtDev/babel-set-up/src/js
17 error Darwin 16.0.0
18 error argv "/Users/victoria/.nvm/versions/node/v5.10.0/bin/node" "/Users/victoria/.nvm/versions/node/v5.10.0/bin/npm" "run" "lint"
19 error node v5.10.0
20 error npm  v3.8.3
21 error code ELIFECYCLE
22 error babel-set-up@1.0.0 lint: `eslint --ignore-path .gitignore --cache ./`
22 error Exit status 1
23 error Failed at the babel-set-up@1.0.0 lint script 'eslint --ignore-path .gitignore --cache ./'.
23 error Make sure you have the latest version of node.js and npm installed.
23 error If you do, this is most likely a problem with the babel-set-up package,
23 error not with npm itself.
23 error Tell the author that this fails on your system:
23 error     eslint --ignore-path .gitignore --cache ./
23 error You can get information on how to open an issue for this project with:
23 error     npm bugs babel-set-up
23 error Or if that isn't available, you can get their info via:
23 error     npm owner ls babel-set-up
23 error There is likely additional logging output above.
24 verbose exit [ 1, true ]
